[img_0] wrote: /home/atin-tts-1/Container-Stitching/downloads/gdrive_1sASbG/imgs_stit/right/MSNU713415145G1_10_10_2025_08_55_57_12253_42/split_c1/img_0_annot.jpg
[img_0] corners: /home/atin-tts-1/Container-Stitching/downloads/gdrive_1sASbG/imgs_stit/right/MSNU713415145G1_10_10_2025_08_55_57_12253_42/split_c1/img_0_corners.txt and /home/atin-tts-1/Container-Stitching/downloads/gdrive_1sASbG/imgs_stit/right/MSNU713415145G1_10_10_2025_08_55_57_12253_42/split_c1/img_0_corners.jpg
[img_1] wrote: /home/atin-tts-1/Container-Stitching/downloads/gdrive_1sASbG/imgs_stit/right/MSNU713415145G1_10_10_2025_08_55_57_12253_42/split_c1/img_1_annot.jpg
[img_1] corners: /home/atin-tts-1/Container-Stitching/downloads/gdrive_1sASbG/imgs_stit/right/MSNU713415145G1_10_10_2025_08_55_57_12253_42/split_c1/img_1_corners.txt and /home/atin-tts-1/Container-Stitching/downloads/gdrive_1sASbG/imgs_stit/right/MSNU713415145G1_10_10_2025_08_55_57_12253_42/split_c1/img_1_corners.jpg
[img_2] wrote: /home/atin-tts-1/Container-Stitching/downloads/gdrive_1sASbG/imgs_stit/right/MSNU713415145G1_10_10_2025_08_55_57_12253_42/split_c1/img_2_annot.jpg
[img_2] corners: /home/atin-tts-1/Container-Stitching/downloads/gdrive_1sASbG/imgs_stit/right/MSNU713415145G1_10_10_2025_08_55_57_12253_42/split_c1/img_2_corners.txt and /home/atin-tts-1/Container-Stitching/downloads/gdrive_1sASbG/imgs_stit/right/MSNU713415145G1_10_10_2025_08_55_57_12253_42/split_c1/img_2_corners.jpg
[img_3] wrote: /home/atin-tts-1/Container-Stitching/downloads/gdrive_1sASbG/imgs_stit/right/MSNU713415145G1_10_10_2025_08_55_57_12253_42/split_c1/img_3_annot.jpg
[img_3] corners: /home/atin-tts-1/Container-Stitching/downloads/gdrive_1sASbG/imgs_stit/right/MSNU713415145G1_10_10_2025_08_55_57_12253_42/split_c1/img_3_corners.txt and /home/atin-tts-1/Container-Stitching/downloads/gdrive_1sASbG/imgs_stit/right/MSNU713415145G1_10_10_2025_08_55_57_12253_42/split_c1/img_3_corners.jpg
[img_4] wrote: /home/atin-tts-1/Container-Stitching/downloads/gdrive_1sASbG/imgs_stit/right/MSNU713415145G1_10_10_2025_08_55_57_12253_42/split_c1/img_4_annot.jpg
[img_4] corners: /home/atin-tts-1/Container-Stitching/downloads/gdrive_1sASbG/imgs_stit/right/MSNU713415145G1_10_10_2025_08_55_57_12253_42/split_c1/img_4_corners.txt and /home/atin-tts-1/Container-Stitching/downloads/gdrive_1sASbG/imgs_stit/right/MSNU713415145G1_10_10_2025_08_55_57_12253_42/split_c1/img_4_corners.jpg
[img_5] wrote: /home/atin-tts-1/Container-Stitching/downloads/gdrive_1sASbG/imgs_stit/right/MSNU713415145G1_10_10_2025_08_55_57_12253_42/split_c1/img_5_annot.jpg
[img_5] corners: /home/atin-tts-1/Container-Stitching/downloads/gdrive_1sASbG/imgs_stit/right/MSNU713415145G1_10_10_2025_08_55_57_12253_42/split_c1/img_5_corners.txt and /home/atin-tts-1/Container-Stitching/downloads/gdrive_1sASbG/imgs_stit/right/MSNU713415145G1_10_10_2025_08_55_57_12253_42/split_c1/img_5_corners.jpg
[img_6] wrote: /home/atin-tts-1/Container-Stitching/downloads/gdrive_1sASbG/imgs_stit/right/MSNU713415145G1_10_10_2025_08_55_57_12253_42/split_c1/img_6_annot.jpg
[img_6] corners: /home/atin-tts-1/Container-Stitching/downloads/gdrive_1sASbG/imgs_stit/right/MSNU713415145G1_10_10_2025_08_55_57_12253_42/split_c1/img_6_corners.txt and /home/atin-tts-1/Container-Stitching/downloads/gdrive_1sASbG/imgs_stit/right/MSNU713415145G1_10_10_2025_08_55_57_12253_42/split_c1/img_6_corners.jpg
[img_7] wrote: /home/atin-tts-1/Container-Stitching/downloads/gdrive_1sASbG/imgs_stit/right/MSNU713415145G1_10_10_2025_08_55_57_12253_42/split_c1/img_7_annot.jpg
[img_7] corners: /home/atin-tts-1/Container-Stitching/downloads/gdrive_1sASbG/imgs_stit/right/MSNU713415145G1_10_10_2025_08_55_57_12253_42/split_c1/img_7_corners.txt and /home/atin-tts-1/Container-Stitching/downloads/gdrive_1sASbG/imgs_stit/right/MSNU713415145G1_10_10_2025_08_55_57_12253_42/split_c1/img_7_corners.jpg
[img_8] wrote: /home/atin-tts-1/Container-Stitching/downloads/gdrive_1sASbG/imgs_stit/right/MSNU713415145G1_10_10_2025_08_55_57_12253_42/split_c1/img_8_annot.jpg
[img_8] corners: /home/atin-tts-1/Container-Stitching/downloads/gdrive_1sASbG/imgs_stit/right/MSNU713415145G1_10_10_2025_08_55_57_12253_42/split_c1/img_8_corners.txt and /home/atin-tts-1/Container-Stitching/downloads/gdrive_1sASbG/imgs_stit/right/MSNU713415145G1_10_10_2025_08_55_57_12253_42/split_c1/img_8_corners.jpg
[img_9] wrote: /home/atin-tts-1/Container-Stitching/downloads/gdrive_1sASbG/imgs_stit/right/MSNU713415145G1_10_10_2025_08_55_57_12253_42/split_c1/img_9_annot.jpg
[img_9] corners: /home/atin-tts-1/Container-Stitching/downloads/gdrive_1sASbG/imgs_stit/right/MSNU713415145G1_10_10_2025_08_55_57_12253_42/split_c1/img_9_corners.txt and /home/atin-tts-1/Container-Stitching/downloads/gdrive_1sASbG/imgs_stit/right/MSNU713415145G1_10_10_2025_08_55_57_12253_42/split_c1/img_9_corners.jpg
[img_10] wrote: /home/atin-tts-1/Container-Stitching/downloads/gdrive_1sASbG/imgs_stit/right/MSNU713415145G1_10_10_2025_08_55_57_12253_42/split_c1/img_10_annot.jpg
[img_10] corners: /home/atin-tts-1/Container-Stitching/downloads/gdrive_1sASbG/imgs_stit/right/MSNU713415145G1_10_10_2025_08_55_57_12253_42/split_c1/img_10_corners.txt and /home/atin-tts-1/Container-Stitching/downloads/gdrive_1sASbG/imgs_stit/right/MSNU713415145G1_10_10_2025_08_55_57_12253_42/split_c1/img_10_corners.jpg
[img_11] wrote: /home/atin-tts-1/Container-Stitching/downloads/gdrive_1sASbG/imgs_stit/right/MSNU713415145G1_10_10_2025_08_55_57_12253_42/split_c1/img_11_annot.jpg
[img_11] corners: /home/atin-tts-1/Container-Stitching/downloads/gdrive_1sASbG/imgs_stit/right/MSNU713415145G1_10_10_2025_08_55_57_12253_42/split_c1/img_11_corners.txt and /home/atin-tts-1/Container-Stitching/downloads/gdrive_1sASbG/imgs_stit/right/MSNU713415145G1_10_10_2025_08_55_57_12253_42/split_c1/img_11_corners.jpg
[img_12] wrote: /home/atin-tts-1/Container-Stitching/downloads/gdrive_1sASbG/imgs_stit/right/MSNU713415145G1_10_10_2025_08_55_57_12253_42/split_c1/img_12_annot.jpg
[img_12] corners: /home/atin-tts-1/Container-Stitching/downloads/gdrive_1sASbG/imgs_stit/right/MSNU713415145G1_10_10_2025_08_55_57_12253_42/split_c1/img_12_corners.txt and /home/atin-tts-1/Container-Stitching/downloads/gdrive_1sASbG/imgs_stit/right/MSNU713415145G1_10_10_2025_08_55_57_12253_42/split_c1/img_12_corners.jpg
[img_13] wrote: /home/atin-tts-1/Container-Stitching/downloads/gdrive_1sASbG/imgs_stit/right/MSNU713415145G1_10_10_2025_08_55_57_12253_42/split_c1/img_13_annot.jpg
[img_13] corners: /home/atin-tts-1/Container-Stitching/downloads/gdrive_1sASbG/imgs_stit/right/MSNU713415145G1_10_10_2025_08_55_57_12253_42/split_c1/img_13_corners.txt and /home/atin-tts-1/Container-Stitching/downloads/gdrive_1sASbG/imgs_stit/right/MSNU713415145G1_10_10_2025_08_55_57_12253_42/split_c1/img_13_corners.jpg
[img_14] wrote: /home/atin-tts-1/Container-Stitching/downloads/gdrive_1sASbG/imgs_stit/right/MSNU713415145G1_10_10_2025_08_55_57_12253_42/split_c1/img_14_annot.jpg
[img_14] corners: /home/atin-tts-1/Container-Stitching/downloads/gdrive_1sASbG/imgs_stit/right/MSNU713415145G1_10_10_2025_08_55_57_12253_42/split_c1/img_14_corners.txt and /home/atin-tts-1/Container-Stitching/downloads/gdrive_1sASbG/imgs_stit/right/MSNU713415145G1_10_10_2025_08_55_57_12253_42/split_c1/img_14_corners.jpg
[img_15] wrote: /home/atin-tts-1/Container-Stitching/downloads/gdrive_1sASbG/imgs_stit/right/MSNU713415145G1_10_10_2025_08_55_57_12253_42/split_c1/img_15_annot.jpg
[img_15] corners: /home/atin-tts-1/Container-Stitching/downloads/gdrive_1sASbG/imgs_stit/right/MSNU713415145G1_10_10_2025_08_55_57_12253_42/split_c1/img_15_corners.txt and /home/atin-tts-1/Container-Stitching/downloads/gdrive_1sASbG/imgs_stit/right/MSNU713415145G1_10_10_2025_08_55_57_12253_42/split_c1/img_15_corners.jpg
[img_16] wrote: /home/atin-tts-1/Container-Stitching/downloads/gdrive_1sASbG/imgs_stit/right/MSNU713415145G1_10_10_2025_08_55_57_12253_42/split_c1/img_16_annot.jpg
[img_16] corners: /home/atin-tts-1/Container-Stitching/downloads/gdrive_1sASbG/imgs_stit/right/MSNU713415145G1_10_10_2025_08_55_57_12253_42/split_c1/img_16_corners.txt and /home/atin-tts-1/Container-Stitching/downloads/gdrive_1sASbG/imgs_stit/right/MSNU713415145G1_10_10_2025_08_55_57_12253_42/split_c1/img_16_corners.jpg
[img_17] wrote: /home/atin-tts-1/Container-Stitching/downloads/gdrive_1sASbG/imgs_stit/right/MSNU713415145G1_10_10_2025_08_55_57_12253_42/split_c1/img_17_annot.jpg
[img_17] corners: /home/atin-tts-1/Container-Stitching/downloads/gdrive_1sASbG/imgs_stit/right/MSNU713415145G1_10_10_2025_08_55_57_12253_42/split_c1/img_17_corners.txt and /home/atin-tts-1/Container-Stitching/downloads/gdrive_1sASbG/imgs_stit/right/MSNU713415145G1_10_10_2025_08_55_57_12253_42/split_c1/img_17_corners.jpg
[img_18] wrote: /home/atin-tts-1/Container-Stitching/downloads/gdrive_1sASbG/imgs_stit/right/MSNU713415145G1_10_10_2025_08_55_57_12253_42/split_c1/img_18_annot.jpg
[img_18] corners: /home/atin-tts-1/Container-Stitching/downloads/gdrive_1sASbG/imgs_stit/right/MSNU713415145G1_10_10_2025_08_55_57_12253_42/split_c1/img_18_corners.txt and /home/atin-tts-1/Container-Stitching/downloads/gdrive_1sASbG/imgs_stit/right/MSNU713415145G1_10_10_2025_08_55_57_12253_42/split_c1/img_18_corners.jpg
[img_19] wrote: /home/atin-tts-1/Container-Stitching/downloads/gdrive_1sASbG/imgs_stit/right/MSNU713415145G1_10_10_2025_08_55_57_12253_42/split_c1/img_19_annot.jpg
[img_19] corners: /home/atin-tts-1/Container-Stitching/downloads/gdrive_1sASbG/imgs_stit/right/MSNU713415145G1_10_10_2025_08_55_57_12253_42/split_c1/img_19_corners.txt and /home/atin-tts-1/Container-Stitching/downloads/gdrive_1sASbG/imgs_stit/right/MSNU713415145G1_10_10_2025_08_55_57_12253_42/split_c1/img_19_corners.jpg
[img_20] wrote: /home/atin-tts-1/Container-Stitching/downloads/gdrive_1sASbG/imgs_stit/right/MSNU713415145G1_10_10_2025_08_55_57_12253_42/split_c1/img_20_annot.jpg
[img_20] corners: /home/atin-tts-1/Container-Stitching/downloads/gdrive_1sASbG/imgs_stit/right/MSNU713415145G1_10_10_2025_08_55_57_12253_42/split_c1/img_20_corners.txt and /home/atin-tts-1/Container-Stitching/downloads/gdrive_1sASbG/imgs_stit/right/MSNU713415145G1_10_10_2025_08_55_57_12253_42/split_c1/img_20_corners.jpg
[img_21] wrote: /home/atin-tts-1/Container-Stitching/downloads/gdrive_1sASbG/imgs_stit/right/MSNU713415145G1_10_10_2025_08_55_57_12253_42/split_c1/img_21_annot.jpg
[img_21] corners: /home/atin-tts-1/Container-Stitching/downloads/gdrive_1sASbG/imgs_stit/right/MSNU713415145G1_10_10_2025_08_55_57_12253_42/split_c1/img_21_corners.txt and /home/atin-tts-1/Container-Stitching/downloads/gdrive_1sASbG/imgs_stit/right/MSNU713415145G1_10_10_2025_08_55_57_12253_42/split_c1/img_21_corners.jpg
[img_22] wrote: /home/atin-tts-1/Container-Stitching/downloads/gdrive_1sASbG/imgs_stit/right/MSNU713415145G1_10_10_2025_08_55_57_12253_42/split_c1/img_22_annot.jpg
[img_22] corners: /home/atin-tts-1/Container-Stitching/downloads/gdrive_1sASbG/imgs_stit/right/MSNU713415145G1_10_10_2025_08_55_57_12253_42/split_c1/img_22_corners.txt and /home/atin-tts-1/Container-Stitching/downloads/gdrive_1sASbG/imgs_stit/right/MSNU713415145G1_10_10_2025_08_55_57_12253_42/split_c1/img_22_corners.jpg
[img_23] wrote: /home/atin-tts-1/Container-Stitching/downloads/gdrive_1sASbG/imgs_stit/right/MSNU713415145G1_10_10_2025_08_55_57_12253_42/split_c1/img_23_annot.jpg
[img_23] corners: /home/atin-tts-1/Container-Stitching/downloads/gdrive_1sASbG/imgs_stit/right/MSNU713415145G1_10_10_2025_08_55_57_12253_42/split_c1/img_23_corners.txt and /home/atin-tts-1/Container-Stitching/downloads/gdrive_1sASbG/imgs_stit/right/MSNU713415145G1_10_10_2025_08_55_57_12253_42/split_c1/img_23_corners.jpg
[img_24] wrote: /home/atin-tts-1/Container-Stitching/downloads/gdrive_1sASbG/imgs_stit/right/MSNU713415145G1_10_10_2025_08_55_57_12253_42/split_c1/img_24_annot.jpg
[img_24] corners: /home/atin-tts-1/Container-Stitching/downloads/gdrive_1sASbG/imgs_stit/right/MSNU713415145G1_10_10_2025_08_55_57_12253_42/split_c1/img_24_corners.txt and /home/atin-tts-1/Container-Stitching/downloads/gdrive_1sASbG/imgs_stit/right/MSNU713415145G1_10_10_2025_08_55_57_12253_42/split_c1/img_24_corners.jpg
[img_25] wrote: /home/atin-tts-1/Container-Stitching/downloads/gdrive_1sASbG/imgs_stit/right/MSNU713415145G1_10_10_2025_08_55_57_12253_42/split_c1/img_25_annot.jpg
[img_25] corners: /home/atin-tts-1/Container-Stitching/downloads/gdrive_1sASbG/imgs_stit/right/MSNU713415145G1_10_10_2025_08_55_57_12253_42/split_c1/img_25_corners.txt and /home/atin-tts-1/Container-Stitching/downloads/gdrive_1sASbG/imgs_stit/right/MSNU713415145G1_10_10_2025_08_55_57_12253_42/split_c1/img_25_corners.jpg
[img_26] wrote: /home/atin-tts-1/Container-Stitching/downloads/gdrive_1sASbG/imgs_stit/right/MSNU713415145G1_10_10_2025_08_55_57_12253_42/split_c1/img_26_annot.jpg
[img_26] corners: /home/atin-tts-1/Container-Stitching/downloads/gdrive_1sASbG/imgs_stit/right/MSNU713415145G1_10_10_2025_08_55_57_12253_42/split_c1/img_26_corners.txt and /home/atin-tts-1/Container-Stitching/downloads/gdrive_1sASbG/imgs_stit/right/MSNU713415145G1_10_10_2025_08_55_57_12253_42/split_c1/img_26_corners.jpg
[img_27] wrote: /home/atin-tts-1/Container-Stitching/downloads/gdrive_1sASbG/imgs_stit/right/MSNU713415145G1_10_10_2025_08_55_57_12253_42/split_c1/img_27_annot.jpg
[img_27] corners: /home/atin-tts-1/Container-Stitching/downloads/gdrive_1sASbG/imgs_stit/right/MSNU713415145G1_10_10_2025_08_55_57_12253_42/split_c1/img_27_corners.txt and /home/atin-tts-1/Container-Stitching/downloads/gdrive_1sASbG/imgs_stit/right/MSNU713415145G1_10_10_2025_08_55_57_12253_42/split_c1/img_27_corners.jpg
[img_28] wrote: /home/atin-tts-1/Container-Stitching/downloads/gdrive_1sASbG/imgs_stit/right/MSNU713415145G1_10_10_2025_08_55_57_12253_42/split_c1/img_28_annot.jpg
[img_28] corners: /home/atin-tts-1/Container-Stitching/downloads/gdrive_1sASbG/imgs_stit/right/MSNU713415145G1_10_10_2025_08_55_57_12253_42/split_c1/img_28_corners.txt and /home/atin-tts-1/Container-Stitching/downloads/gdrive_1sASbG/imgs_stit/right/MSNU713415145G1_10_10_2025_08_55_57_12253_42/split_c1/img_28_corners.jpg
[img_29] wrote: /home/atin-tts-1/Container-Stitching/downloads/gdrive_1sASbG/imgs_stit/right/MSNU713415145G1_10_10_2025_08_55_57_12253_42/split_c1/img_29_annot.jpg
[img_29] corners: /home/atin-tts-1/Container-Stitching/downloads/gdrive_1sASbG/imgs_stit/right/MSNU713415145G1_10_10_2025_08_55_57_12253_42/split_c1/img_29_corners.txt and /home/atin-tts-1/Container-Stitching/downloads/gdrive_1sASbG/imgs_stit/right/MSNU713415145G1_10_10_2025_08_55_57_12253_42/split_c1/img_29_corners.jpg
[img_30] wrote: /home/atin-tts-1/Container-Stitching/downloads/gdrive_1sASbG/imgs_stit/right/MSNU713415145G1_10_10_2025_08_55_57_12253_42/split_c1/img_30_annot.jpg
[img_30] corners: /home/atin-tts-1/Container-Stitching/downloads/gdrive_1sASbG/imgs_stit/right/MSNU713415145G1_10_10_2025_08_55_57_12253_42/split_c1/img_30_corners.txt and /home/atin-tts-1/Container-Stitching/downloads/gdrive_1sASbG/imgs_stit/right/MSNU713415145G1_10_10_2025_08_55_57_12253_42/split_c1/img_30_corners.jpg
[img_31] wrote: /home/atin-tts-1/Container-Stitching/downloads/gdrive_1sASbG/imgs_stit/right/MSNU713415145G1_10_10_2025_08_55_57_12253_42/split_c1/img_31_annot.jpg
[img_31] corners: /home/atin-tts-1/Container-Stitching/downloads/gdrive_1sASbG/imgs_stit/right/MSNU713415145G1_10_10_2025_08_55_57_12253_42/split_c1/img_31_corners.txt and /home/atin-tts-1/Container-Stitching/downloads/gdrive_1sASbG/imgs_stit/right/MSNU713415145G1_10_10_2025_08_55_57_12253_42/split_c1/img_31_corners.jpg
[img_32] wrote: /home/atin-tts-1/Container-Stitching/downloads/gdrive_1sASbG/imgs_stit/right/MSNU713415145G1_10_10_2025_08_55_57_12253_42/split_c1/img_32_annot.jpg
[img_32] corners: /home/atin-tts-1/Container-Stitching/downloads/gdrive_1sASbG/imgs_stit/right/MSNU713415145G1_10_10_2025_08_55_57_12253_42/split_c1/img_32_corners.txt and /home/atin-tts-1/Container-Stitching/downloads/gdrive_1sASbG/imgs_stit/right/MSNU713415145G1_10_10_2025_08_55_57_12253_42/split_c1/img_32_corners.jpg
[img_33] wrote: /home/atin-tts-1/Container-Stitching/downloads/gdrive_1sASbG/imgs_stit/right/MSNU713415145G1_10_10_2025_08_55_57_12253_42/split_c1/img_33_annot.jpg
[img_33] corners: /home/atin-tts-1/Container-Stitching/downloads/gdrive_1sASbG/imgs_stit/right/MSNU713415145G1_10_10_2025_08_55_57_12253_42/split_c1/img_33_corners.txt and /home/atin-tts-1/Container-Stitching/downloads/gdrive_1sASbG/imgs_stit/right/MSNU713415145G1_10_10_2025_08_55_57_12253_42/split_c1/img_33_corners.jpg
[img_34] wrote: /home/atin-tts-1/Container-Stitching/downloads/gdrive_1sASbG/imgs_stit/right/MSNU713415145G1_10_10_2025_08_55_57_12253_42/split_c1/img_34_annot.jpg
[img_34] corners: /home/atin-tts-1/Container-Stitching/downloads/gdrive_1sASbG/imgs_stit/right/MSNU713415145G1_10_10_2025_08_55_57_12253_42/split_c1/img_34_corners.txt and /home/atin-tts-1/Container-Stitching/downloads/gdrive_1sASbG/imgs_stit/right/MSNU713415145G1_10_10_2025_08_55_57_12253_42/split_c1/img_34_corners.jpg
[img_35] wrote: /home/atin-tts-1/Container-Stitching/downloads/gdrive_1sASbG/imgs_stit/right/MSNU713415145G1_10_10_2025_08_55_57_12253_42/split_c1/img_35_annot.jpg
[img_35] corners: /home/atin-tts-1/Container-Stitching/downloads/gdrive_1sASbG/imgs_stit/right/MSNU713415145G1_10_10_2025_08_55_57_12253_42/split_c1/img_35_corners.txt and /home/atin-tts-1/Container-Stitching/downloads/gdrive_1sASbG/imgs_stit/right/MSNU713415145G1_10_10_2025_08_55_57_12253_42/split_c1/img_35_corners.jpg
[img_36] wrote: /home/atin-tts-1/Container-Stitching/downloads/gdrive_1sASbG/imgs_stit/right/MSNU713415145G1_10_10_2025_08_55_57_12253_42/split_c1/img_36_annot.jpg
[img_36] corners: /home/atin-tts-1/Container-Stitching/downloads/gdrive_1sASbG/imgs_stit/right/MSNU713415145G1_10_10_2025_08_55_57_12253_42/split_c1/img_36_corners.txt and /home/atin-tts-1/Container-Stitching/downloads/gdrive_1sASbG/imgs_stit/right/MSNU713415145G1_10_10_2025_08_55_57_12253_42/split_c1/img_36_corners.jpg
[img_37] wrote: /home/atin-tts-1/Container-Stitching/downloads/gdrive_1sASbG/imgs_stit/right/MSNU713415145G1_10_10_2025_08_55_57_12253_42/split_c1/img_37_annot.jpg
[img_37] corners: /home/atin-tts-1/Container-Stitching/downloads/gdrive_1sASbG/imgs_stit/right/MSNU713415145G1_10_10_2025_08_55_57_12253_42/split_c1/img_37_corners.txt and /home/atin-tts-1/Container-Stitching/downloads/gdrive_1sASbG/imgs_stit/right/MSNU713415145G1_10_10_2025_08_55_57_12253_42/split_c1/img_37_corners.jpg
[img_38] wrote: /home/atin-tts-1/Container-Stitching/downloads/gdrive_1sASbG/imgs_stit/right/MSNU713415145G1_10_10_2025_08_55_57_12253_42/split_c1/img_38_annot.jpg
[img_38] corners: /home/atin-tts-1/Container-Stitching/downloads/gdrive_1sASbG/imgs_stit/right/MSNU713415145G1_10_10_2025_08_55_57_12253_42/split_c1/img_38_corners.txt and /home/atin-tts-1/Container-Stitching/downloads/gdrive_1sASbG/imgs_stit/right/MSNU713415145G1_10_10_2025_08_55_57_12253_42/split_c1/img_38_corners.jpg
[img_39] wrote: /home/atin-tts-1/Container-Stitching/downloads/gdrive_1sASbG/imgs_stit/right/MSNU713415145G1_10_10_2025_08_55_57_12253_42/split_c1/img_39_annot.jpg
[img_39] corners: /home/atin-tts-1/Container-Stitching/downloads/gdrive_1sASbG/imgs_stit/right/MSNU713415145G1_10_10_2025_08_55_57_12253_42/split_c1/img_39_corners.txt and /home/atin-tts-1/Container-Stitching/downloads/gdrive_1sASbG/imgs_stit/right/MSNU713415145G1_10_10_2025_08_55_57_12253_42/split_c1/img_39_corners.jpg
[img_40] wrote: /home/atin-tts-1/Container-Stitching/downloads/gdrive_1sASbG/imgs_stit/right/MSNU713415145G1_10_10_2025_08_55_57_12253_42/split_c1/img_40_annot.jpg
[img_40] corners: /home/atin-tts-1/Container-Stitching/downloads/gdrive_1sASbG/imgs_stit/right/MSNU713415145G1_10_10_2025_08_55_57_12253_42/split_c1/img_40_corners.txt and /home/atin-tts-1/Container-Stitching/downloads/gdrive_1sASbG/imgs_stit/right/MSNU713415145G1_10_10_2025_08_55_57_12253_42/split_c1/img_40_corners.jpg
[img_41] wrote: /home/atin-tts-1/Container-Stitching/downloads/gdrive_1sASbG/imgs_stit/right/MSNU713415145G1_10_10_2025_08_55_57_12253_42/split_c1/img_41_annot.jpg
[img_41] corners: /home/atin-tts-1/Container-Stitching/downloads/gdrive_1sASbG/imgs_stit/right/MSNU713415145G1_10_10_2025_08_55_57_12253_42/split_c1/img_41_corners.txt and /home/atin-tts-1/Container-Stitching/downloads/gdrive_1sASbG/imgs_stit/right/MSNU713415145G1_10_10_2025_08_55_57_12253_42/split_c1/img_41_corners.jpg
[img_42] wrote: /home/atin-tts-1/Container-Stitching/downloads/gdrive_1sASbG/imgs_stit/right/MSNU713415145G1_10_10_2025_08_55_57_12253_42/split_c1/img_42_annot.jpg
[img_42] corners: /home/atin-tts-1/Container-Stitching/downloads/gdrive_1sASbG/imgs_stit/right/MSNU713415145G1_10_10_2025_08_55_57_12253_42/split_c1/img_42_corners.txt and /home/atin-tts-1/Container-Stitching/downloads/gdrive_1sASbG/imgs_stit/right/MSNU713415145G1_10_10_2025_08_55_57_12253_42/split_c1/img_42_corners.jpg
[img_43] wrote: /home/atin-tts-1/Container-Stitching/downloads/gdrive_1sASbG/imgs_stit/right/MSNU713415145G1_10_10_2025_08_55_57_12253_42/split_c1/img_43_annot.jpg
[img_43] corners: /home/atin-tts-1/Container-Stitching/downloads/gdrive_1sASbG/imgs_stit/right/MSNU713415145G1_10_10_2025_08_55_57_12253_42/split_c1/img_43_corners.txt and /home/atin-tts-1/Container-Stitching/downloads/gdrive_1sASbG/imgs_stit/right/MSNU713415145G1_10_10_2025_08_55_57_12253_42/split_c1/img_43_corners.jpg
[img_44] wrote: /home/atin-tts-1/Container-Stitching/downloads/gdrive_1sASbG/imgs_stit/right/MSNU713415145G1_10_10_2025_08_55_57_12253_42/split_c1/img_44_annot.jpg
[img_44] corners: /home/atin-tts-1/Container-Stitching/downloads/gdrive_1sASbG/imgs_stit/right/MSNU713415145G1_10_10_2025_08_55_57_12253_42/split_c1/img_44_corners.txt and /home/atin-tts-1/Container-Stitching/downloads/gdrive_1sASbG/imgs_stit/right/MSNU713415145G1_10_10_2025_08_55_57_12253_42/split_c1/img_44_corners.jpg
[img_45] wrote: /home/atin-tts-1/Container-Stitching/downloads/gdrive_1sASbG/imgs_stit/right/MSNU713415145G1_10_10_2025_08_55_57_12253_42/split_c1/img_45_annot.jpg
[img_45] corners: /home/atin-tts-1/Container-Stitching/downloads/gdrive_1sASbG/imgs_stit/right/MSNU713415145G1_10_10_2025_08_55_57_12253_42/split_c1/img_45_corners.txt and /home/atin-tts-1/Container-Stitching/downloads/gdrive_1sASbG/imgs_stit/right/MSNU713415145G1_10_10_2025_08_55_57_12253_42/split_c1/img_45_corners.jpg
[img_46] wrote: /home/atin-tts-1/Container-Stitching/downloads/gdrive_1sASbG/imgs_stit/right/MSNU713415145G1_10_10_2025_08_55_57_12253_42/split_c1/img_46_annot.jpg
[img_46] corners: /home/atin-tts-1/Container-Stitching/downloads/gdrive_1sASbG/imgs_stit/right/MSNU713415145G1_10_10_2025_08_55_57_12253_42/split_c1/img_46_corners.txt and /home/atin-tts-1/Container-Stitching/downloads/gdrive_1sASbG/imgs_stit/right/MSNU713415145G1_10_10_2025_08_55_57_12253_42/split_c1/img_46_corners.jpg
[img_47] wrote: /home/atin-tts-1/Container-Stitching/downloads/gdrive_1sASbG/imgs_stit/right/MSNU713415145G1_10_10_2025_08_55_57_12253_42/split_c1/img_47_annot.jpg
[img_47] corners: /home/atin-tts-1/Container-Stitching/downloads/gdrive_1sASbG/imgs_stit/right/MSNU713415145G1_10_10_2025_08_55_57_12253_42/split_c1/img_47_corners.txt and /home/atin-tts-1/Container-Stitching/downloads/gdrive_1sASbG/imgs_stit/right/MSNU713415145G1_10_10_2025_08_55_57_12253_42/split_c1/img_47_corners.jpg
[img_48] wrote: /home/atin-tts-1/Container-Stitching/downloads/gdrive_1sASbG/imgs_stit/right/MSNU713415145G1_10_10_2025_08_55_57_12253_42/split_c1/img_48_annot.jpg
[img_48] corners: /home/atin-tts-1/Container-Stitching/downloads/gdrive_1sASbG/imgs_stit/right/MSNU713415145G1_10_10_2025_08_55_57_12253_42/split_c1/img_48_corners.txt and /home/atin-tts-1/Container-Stitching/downloads/gdrive_1sASbG/imgs_stit/right/MSNU713415145G1_10_10_2025_08_55_57_12253_42/split_c1/img_48_corners.jpg
[img_49] wrote: /home/atin-tts-1/Container-Stitching/downloads/gdrive_1sASbG/imgs_stit/right/MSNU713415145G1_10_10_2025_08_55_57_12253_42/split_c1/img_49_annot.jpg
[img_49] corners: /home/atin-tts-1/Container-Stitching/downloads/gdrive_1sASbG/imgs_stit/right/MSNU713415145G1_10_10_2025_08_55_57_12253_42/split_c1/img_49_corners.txt and /home/atin-tts-1/Container-Stitching/downloads/gdrive_1sASbG/imgs_stit/right/MSNU713415145G1_10_10_2025_08_55_57_12253_42/split_c1/img_49_corners.jpg
[img_50] wrote: /home/atin-tts-1/Container-Stitching/downloads/gdrive_1sASbG/imgs_stit/right/MSNU713415145G1_10_10_2025_08_55_57_12253_42/split_c1/img_50_annot.jpg
[img_50] corners: /home/atin-tts-1/Container-Stitching/downloads/gdrive_1sASbG/imgs_stit/right/MSNU713415145G1_10_10_2025_08_55_57_12253_42/split_c1/img_50_corners.txt and /home/atin-tts-1/Container-Stitching/downloads/gdrive_1sASbG/imgs_stit/right/MSNU713415145G1_10_10_2025_08_55_57_12253_42/split_c1/img_50_corners.jpg
[img_51] wrote: /home/atin-tts-1/Container-Stitching/downloads/gdrive_1sASbG/imgs_stit/right/MSNU713415145G1_10_10_2025_08_55_57_12253_42/split_c1/img_51_annot.jpg
[img_51] corners: /home/atin-tts-1/Container-Stitching/downloads/gdrive_1sASbG/imgs_stit/right/MSNU713415145G1_10_10_2025_08_55_57_12253_42/split_c1/img_51_corners.txt and /home/atin-tts-1/Container-Stitching/downloads/gdrive_1sASbG/imgs_stit/right/MSNU713415145G1_10_10_2025_08_55_57_12253_42/split_c1/img_51_corners.jpg
[img_52] wrote: /home/atin-tts-1/Container-Stitching/downloads/gdrive_1sASbG/imgs_stit/right/MSNU713415145G1_10_10_2025_08_55_57_12253_42/split_c1/img_52_annot.jpg
[img_52] corners: /home/atin-tts-1/Container-Stitching/downloads/gdrive_1sASbG/imgs_stit/right/MSNU713415145G1_10_10_2025_08_55_57_12253_42/split_c1/img_52_corners.txt and /home/atin-tts-1/Container-Stitching/downloads/gdrive_1sASbG/imgs_stit/right/MSNU713415145G1_10_10_2025_08_55_57_12253_42/split_c1/img_52_corners.jpg
[img_53] wrote: /home/atin-tts-1/Container-Stitching/downloads/gdrive_1sASbG/imgs_stit/right/MSNU713415145G1_10_10_2025_08_55_57_12253_42/split_c1/img_53_annot.jpg
[img_53] corners: /home/atin-tts-1/Container-Stitching/downloads/gdrive_1sASbG/imgs_stit/right/MSNU713415145G1_10_10_2025_08_55_57_12253_42/split_c1/img_53_corners.txt and /home/atin-tts-1/Container-Stitching/downloads/gdrive_1sASbG/imgs_stit/right/MSNU713415145G1_10_10_2025_08_55_57_12253_42/split_c1/img_53_corners.jpg
[img_54] wrote: /home/atin-tts-1/Container-Stitching/downloads/gdrive_1sASbG/imgs_stit/right/MSNU713415145G1_10_10_2025_08_55_57_12253_42/split_c1/img_54_annot.jpg
[img_54] corners: /home/atin-tts-1/Container-Stitching/downloads/gdrive_1sASbG/imgs_stit/right/MSNU713415145G1_10_10_2025_08_55_57_12253_42/split_c1/img_54_corners.txt and /home/atin-tts-1/Container-Stitching/downloads/gdrive_1sASbG/imgs_stit/right/MSNU713415145G1_10_10_2025_08_55_57_12253_42/split_c1/img_54_corners.jpg
[img_55] wrote: /home/atin-tts-1/Container-Stitching/downloads/gdrive_1sASbG/imgs_stit/right/MSNU713415145G1_10_10_2025_08_55_57_12253_42/split_c1/img_55_annot.jpg
[img_55] corners: /home/atin-tts-1/Container-Stitching/downloads/gdrive_1sASbG/imgs_stit/right/MSNU713415145G1_10_10_2025_08_55_57_12253_42/split_c1/img_55_corners.txt and /home/atin-tts-1/Container-Stitching/downloads/gdrive_1sASbG/imgs_stit/right/MSNU713415145G1_10_10_2025_08_55_57_12253_42/split_c1/img_55_corners.jpg
[img_56] wrote: /home/atin-tts-1/Container-Stitching/downloads/gdrive_1sASbG/imgs_stit/right/MSNU713415145G1_10_10_2025_08_55_57_12253_42/split_c1/img_56_annot.jpg
[img_56] corners: /home/atin-tts-1/Container-Stitching/downloads/gdrive_1sASbG/imgs_stit/right/MSNU713415145G1_10_10_2025_08_55_57_12253_42/split_c1/img_56_corners.txt and /home/atin-tts-1/Container-Stitching/downloads/gdrive_1sASbG/imgs_stit/right/MSNU713415145G1_10_10_2025_08_55_57_12253_42/split_c1/img_56_corners.jpg
[img_57] wrote: /home/atin-tts-1/Container-Stitching/downloads/gdrive_1sASbG/imgs_stit/right/MSNU713415145G1_10_10_2025_08_55_57_12253_42/split_c1/img_57_annot.jpg
[img_57] corners: /home/atin-tts-1/Container-Stitching/downloads/gdrive_1sASbG/imgs_stit/right/MSNU713415145G1_10_10_2025_08_55_57_12253_42/split_c1/img_57_corners.txt and /home/atin-tts-1/Container-Stitching/downloads/gdrive_1sASbG/imgs_stit/right/MSNU713415145G1_10_10_2025_08_55_57_12253_42/split_c1/img_57_corners.jpg
[img_58] wrote: /home/atin-tts-1/Container-Stitching/downloads/gdrive_1sASbG/imgs_stit/right/MSNU713415145G1_10_10_2025_08_55_57_12253_42/split_c1/img_58_annot.jpg
[img_58] corners: /home/atin-tts-1/Container-Stitching/downloads/gdrive_1sASbG/imgs_stit/right/MSNU713415145G1_10_10_2025_08_55_57_12253_42/split_c1/img_58_corners.txt and /home/atin-tts-1/Container-Stitching/downloads/gdrive_1sASbG/imgs_stit/right/MSNU713415145G1_10_10_2025_08_55_57_12253_42/split_c1/img_58_corners.jpg
[img_59] wrote: /home/atin-tts-1/Container-Stitching/downloads/gdrive_1sASbG/imgs_stit/right/MSNU713415145G1_10_10_2025_08_55_57_12253_42/split_c1/img_59_annot.jpg
[img_59] corners: /home/atin-tts-1/Container-Stitching/downloads/gdrive_1sASbG/imgs_stit/right/MSNU713415145G1_10_10_2025_08_55_57_12253_42/split_c1/img_59_corners.txt and /home/atin-tts-1/Container-Stitching/downloads/gdrive_1sASbG/imgs_stit/right/MSNU713415145G1_10_10_2025_08_55_57_12253_42/split_c1/img_59_corners.jpg
[img_60] wrote: /home/atin-tts-1/Container-Stitching/downloads/gdrive_1sASbG/imgs_stit/right/MSNU713415145G1_10_10_2025_08_55_57_12253_42/split_c1/img_60_annot.jpg
[img_60] corners: /home/atin-tts-1/Container-Stitching/downloads/gdrive_1sASbG/imgs_stit/right/MSNU713415145G1_10_10_2025_08_55_57_12253_42/split_c1/img_60_corners.txt and /home/atin-tts-1/Container-Stitching/downloads/gdrive_1sASbG/imgs_stit/right/MSNU713415145G1_10_10_2025_08_55_57_12253_42/split_c1/img_60_corners.jpg
[img_61] wrote: /home/atin-tts-1/Container-Stitching/downloads/gdrive_1sASbG/imgs_stit/right/MSNU713415145G1_10_10_2025_08_55_57_12253_42/split_c1/img_61_annot.jpg
[img_61] corners: /home/atin-tts-1/Container-Stitching/downloads/gdrive_1sASbG/imgs_stit/right/MSNU713415145G1_10_10_2025_08_55_57_12253_42/split_c1/img_61_corners.txt and /home/atin-tts-1/Container-Stitching/downloads/gdrive_1sASbG/imgs_stit/right/MSNU713415145G1_10_10_2025_08_55_57_12253_42/split_c1/img_61_corners.jpg
[img_62] wrote: /home/atin-tts-1/Container-Stitching/downloads/gdrive_1sASbG/imgs_stit/right/MSNU713415145G1_10_10_2025_08_55_57_12253_42/split_c1/img_62_annot.jpg
[img_62] corners: /home/atin-tts-1/Container-Stitching/downloads/gdrive_1sASbG/imgs_stit/right/MSNU713415145G1_10_10_2025_08_55_57_12253_42/split_c1/img_62_corners.txt and /home/atin-tts-1/Container-Stitching/downloads/gdrive_1sASbG/imgs_stit/right/MSNU713415145G1_10_10_2025_08_55_57_12253_42/split_c1/img_62_corners.jpg
[img_63] wrote: /home/atin-tts-1/Container-Stitching/downloads/gdrive_1sASbG/imgs_stit/right/MSNU713415145G1_10_10_2025_08_55_57_12253_42/split_c1/img_63_annot.jpg
[img_63] corners: /home/atin-tts-1/Container-Stitching/downloads/gdrive_1sASbG/imgs_stit/right/MSNU713415145G1_10_10_2025_08_55_57_12253_42/split_c1/img_63_corners.txt and /home/atin-tts-1/Container-Stitching/downloads/gdrive_1sASbG/imgs_stit/right/MSNU713415145G1_10_10_2025_08_55_57_12253_42/split_c1/img_63_corners.jpg
[img_64] wrote: /home/atin-tts-1/Container-Stitching/downloads/gdrive_1sASbG/imgs_stit/right/MSNU713415145G1_10_10_2025_08_55_57_12253_42/split_c1/img_64_annot.jpg
[img_64] corners: /home/atin-tts-1/Container-Stitching/downloads/gdrive_1sASbG/imgs_stit/right/MSNU713415145G1_10_10_2025_08_55_57_12253_42/split_c1/img_64_corners.txt and /home/atin-tts-1/Container-Stitching/downloads/gdrive_1sASbG/imgs_stit/right/MSNU713415145G1_10_10_2025_08_55_57_12253_42/split_c1/img_64_corners.jpg
[img_65] wrote: /home/atin-tts-1/Container-Stitching/downloads/gdrive_1sASbG/imgs_stit/right/MSNU713415145G1_10_10_2025_08_55_57_12253_42/split_c1/img_65_annot.jpg
[img_65] corners: /home/atin-tts-1/Container-Stitching/downloads/gdrive_1sASbG/imgs_stit/right/MSNU713415145G1_10_10_2025_08_55_57_12253_42/split_c1/img_65_corners.txt and /home/atin-tts-1/Container-Stitching/downloads/gdrive_1sASbG/imgs_stit/right/MSNU713415145G1_10_10_2025_08_55_57_12253_42/split_c1/img_65_corners.jpg
[img_66] wrote: /home/atin-tts-1/Container-Stitching/downloads/gdrive_1sASbG/imgs_stit/right/MSNU713415145G1_10_10_2025_08_55_57_12253_42/split_c1/img_66_annot.jpg
[img_66] corners: /home/atin-tts-1/Container-Stitching/downloads/gdrive_1sASbG/imgs_stit/right/MSNU713415145G1_10_10_2025_08_55_57_12253_42/split_c1/img_66_corners.txt and /home/atin-tts-1/Container-Stitching/downloads/gdrive_1sASbG/imgs_stit/right/MSNU713415145G1_10_10_2025_08_55_57_12253_42/split_c1/img_66_corners.jpg
[img_67] wrote: /home/atin-tts-1/Container-Stitching/downloads/gdrive_1sASbG/imgs_stit/right/MSNU713415145G1_10_10_2025_08_55_57_12253_42/split_c1/img_67_annot.jpg
[img_67] corners: /home/atin-tts-1/Container-Stitching/downloads/gdrive_1sASbG/imgs_stit/right/MSNU713415145G1_10_10_2025_08_55_57_12253_42/split_c1/img_67_corners.txt and /home/atin-tts-1/Container-Stitching/downloads/gdrive_1sASbG/imgs_stit/right/MSNU713415145G1_10_10_2025_08_55_57_12253_42/split_c1/img_67_corners.jpg
[img_68] wrote: /home/atin-tts-1/Container-Stitching/downloads/gdrive_1sASbG/imgs_stit/right/MSNU713415145G1_10_10_2025_08_55_57_12253_42/split_c1/img_68_annot.jpg
[img_68] corners: /home/atin-tts-1/Container-Stitching/downloads/gdrive_1sASbG/imgs_stit/right/MSNU713415145G1_10_10_2025_08_55_57_12253_42/split_c1/img_68_corners.txt and /home/atin-tts-1/Container-Stitching/downloads/gdrive_1sASbG/imgs_stit/right/MSNU713415145G1_10_10_2025_08_55_57_12253_42/split_c1/img_68_corners.jpg
[img_69] wrote: /home/atin-tts-1/Container-Stitching/downloads/gdrive_1sASbG/imgs_stit/right/MSNU713415145G1_10_10_2025_08_55_57_12253_42/split_c1/img_69_annot.jpg
[img_69] corners: /home/atin-tts-1/Container-Stitching/downloads/gdrive_1sASbG/imgs_stit/right/MSNU713415145G1_10_10_2025_08_55_57_12253_42/split_c1/img_69_corners.txt and /home/atin-tts-1/Container-Stitching/downloads/gdrive_1sASbG/imgs_stit/right/MSNU713415145G1_10_10_2025_08_55_57_12253_42/split_c1/img_69_corners.jpg
[img_70] wrote: /home/atin-tts-1/Container-Stitching/downloads/gdrive_1sASbG/imgs_stit/right/MSNU713415145G1_10_10_2025_08_55_57_12253_42/split_c1/img_70_annot.jpg
[img_70] corners: /home/atin-tts-1/Container-Stitching/downloads/gdrive_1sASbG/imgs_stit/right/MSNU713415145G1_10_10_2025_08_55_57_12253_42/split_c1/img_70_corners.txt and /home/atin-tts-1/Container-Stitching/downloads/gdrive_1sASbG/imgs_stit/right/MSNU713415145G1_10_10_2025_08_55_57_12253_42/split_c1/img_70_corners.jpg
[img_71] wrote: /home/atin-tts-1/Container-Stitching/downloads/gdrive_1sASbG/imgs_stit/right/MSNU713415145G1_10_10_2025_08_55_57_12253_42/split_c1/img_71_annot.jpg
[img_71] corners: /home/atin-tts-1/Container-Stitching/downloads/gdrive_1sASbG/imgs_stit/right/MSNU713415145G1_10_10_2025_08_55_57_12253_42/split_c1/img_71_corners.txt and /home/atin-tts-1/Container-Stitching/downloads/gdrive_1sASbG/imgs_stit/right/MSNU713415145G1_10_10_2025_08_55_57_12253_42/split_c1/img_71_corners.jpg
[img_72] wrote: /home/atin-tts-1/Container-Stitching/downloads/gdrive_1sASbG/imgs_stit/right/MSNU713415145G1_10_10_2025_08_55_57_12253_42/split_c1/img_72_annot.jpg
[img_72] corners: /home/atin-tts-1/Container-Stitching/downloads/gdrive_1sASbG/imgs_stit/right/MSNU713415145G1_10_10_2025_08_55_57_12253_42/split_c1/img_72_corners.txt and /home/atin-tts-1/Container-Stitching/downloads/gdrive_1sASbG/imgs_stit/right/MSNU713415145G1_10_10_2025_08_55_57_12253_42/split_c1/img_72_corners.jpg
[img_73] wrote: /home/atin-tts-1/Container-Stitching/downloads/gdrive_1sASbG/imgs_stit/right/MSNU713415145G1_10_10_2025_08_55_57_12253_42/split_c1/img_73_annot.jpg
[img_73] corners: /home/atin-tts-1/Container-Stitching/downloads/gdrive_1sASbG/imgs_stit/right/MSNU713415145G1_10_10_2025_08_55_57_12253_42/split_c1/img_73_corners.txt and /home/atin-tts-1/Container-Stitching/downloads/gdrive_1sASbG/imgs_stit/right/MSNU713415145G1_10_10_2025_08_55_57_12253_42/split_c1/img_73_corners.jpg
Done.
Done. Trimmed seg1=74 (vis=0) [single-container, seg2 skipped]
Canvas: 961x1051 (container_h_med=1011, top=20, bottom=20)
Wrote: /home/atin-tts-1/Container-Stitching/downloads/gdrive_1sASbG/imgs_stit/right/MSNU713415145G1_10_10_2025_08_55_57_12253_42/aligned_c1/0_aligned.jpg  left=0px right=351px
Wrote: /home/atin-tts-1/Container-Stitching/downloads/gdrive_1sASbG/imgs_stit/right/MSNU713415145G1_10_10_2025_08_55_57_12253_42/aligned_c1/1_aligned.jpg  left=0px right=305px
Wrote: /home/atin-tts-1/Container-Stitching/downloads/gdrive_1sASbG/imgs_stit/right/MSNU713415145G1_10_10_2025_08_55_57_12253_42/aligned_c1/2_aligned.jpg  left=0px right=215px
Wrote: /home/atin-tts-1/Container-Stitching/downloads/gdrive_1sASbG/imgs_stit/right/MSNU713415145G1_10_10_2025_08_55_57_12253_42/aligned_c1/3_aligned.jpg  left=0px right=171px
Wrote: /home/atin-tts-1/Container-Stitching/downloads/gdrive_1sASbG/imgs_stit/right/MSNU713415145G1_10_10_2025_08_55_57_12253_42/aligned_c1/4_aligned.jpg  left=0px right=80px
Wrote: /home/atin-tts-1/Container-Stitching/downloads/gdrive_1sASbG/imgs_stit/right/MSNU713415145G1_10_10_2025_08_55_57_12253_42/aligned_c1/5_aligned.jpg  left=0px right=34px
Wrote: /home/atin-tts-1/Container-Stitching/downloads/gdrive_1sASbG/imgs_stit/right/MSNU713415145G1_10_10_2025_08_55_57_12253_42/aligned_c1/6_aligned.jpg  left=0px right=0px
Wrote: /home/atin-tts-1/Container-Stitching/downloads/gdrive_1sASbG/imgs_stit/right/MSNU713415145G1_10_10_2025_08_55_57_12253_42/aligned_c1/7_aligned.jpg  left=0px right=0px
Wrote: /home/atin-tts-1/Container-Stitching/downloads/gdrive_1sASbG/imgs_stit/right/MSNU713415145G1_10_10_2025_08_55_57_12253_42/aligned_c1/8_aligned.jpg  left=0px right=0px
Wrote: /home/atin-tts-1/Container-Stitching/downloads/gdrive_1sASbG/imgs_stit/right/MSNU713415145G1_10_10_2025_08_55_57_12253_42/aligned_c1/9_aligned.jpg  left=0px right=0px
Wrote: /home/atin-tts-1/Container-Stitching/downloads/gdrive_1sASbG/imgs_stit/right/MSNU713415145G1_10_10_2025_08_55_57_12253_42/aligned_c1/10_aligned.jpg  left=0px right=0px
Wrote: /home/atin-tts-1/Container-Stitching/downloads/gdrive_1sASbG/imgs_stit/right/MSNU713415145G1_10_10_2025_08_55_57_12253_42/aligned_c1/11_aligned.jpg  left=0px right=0px
Wrote: /home/atin-tts-1/Container-Stitching/downloads/gdrive_1sASbG/imgs_stit/right/MSNU713415145G1_10_10_2025_08_55_57_12253_42/aligned_c1/12_aligned.jpg  left=0px right=0px
Wrote: /home/atin-tts-1/Container-Stitching/downloads/gdrive_1sASbG/imgs_stit/right/MSNU713415145G1_10_10_2025_08_55_57_12253_42/aligned_c1/13_aligned.jpg  left=0px right=0px
Wrote: /home/atin-tts-1/Container-Stitching/downloads/gdrive_1sASbG/imgs_stit/right/MSNU713415145G1_10_10_2025_08_55_57_12253_42/aligned_c1/14_aligned.jpg  left=0px right=0px
Wrote: /home/atin-tts-1/Container-Stitching/downloads/gdrive_1sASbG/imgs_stit/right/MSNU713415145G1_10_10_2025_08_55_57_12253_42/aligned_c1/15_aligned.jpg  left=0px right=0px
Wrote: /home/atin-tts-1/Container-Stitching/downloads/gdrive_1sASbG/imgs_stit/right/MSNU713415145G1_10_10_2025_08_55_57_12253_42/aligned_c1/16_aligned.jpg  left=0px right=0px
Wrote: /home/atin-tts-1/Container-Stitching/downloads/gdrive_1sASbG/imgs_stit/right/MSNU713415145G1_10_10_2025_08_55_57_12253_42/aligned_c1/17_aligned.jpg  left=0px right=0px
Wrote: /home/atin-tts-1/Container-Stitching/downloads/gdrive_1sASbG/imgs_stit/right/MSNU713415145G1_10_10_2025_08_55_57_12253_42/aligned_c1/18_aligned.jpg  left=0px right=0px
Wrote: /home/atin-tts-1/Container-Stitching/downloads/gdrive_1sASbG/imgs_stit/right/MSNU713415145G1_10_10_2025_08_55_57_12253_42/aligned_c1/19_aligned.jpg  left=0px right=0px
Wrote: /home/atin-tts-1/Container-Stitching/downloads/gdrive_1sASbG/imgs_stit/right/MSNU713415145G1_10_10_2025_08_55_57_12253_42/aligned_c1/20_aligned.jpg  left=0px right=0px
Wrote: /home/atin-tts-1/Container-Stitching/downloads/gdrive_1sASbG/imgs_stit/right/MSNU713415145G1_10_10_2025_08_55_57_12253_42/aligned_c1/21_aligned.jpg  left=0px right=0px
Wrote: /home/atin-tts-1/Container-Stitching/downloads/gdrive_1sASbG/imgs_stit/right/MSNU713415145G1_10_10_2025_08_55_57_12253_42/aligned_c1/22_aligned.jpg  left=0px right=0px
Wrote: /home/atin-tts-1/Container-Stitching/downloads/gdrive_1sASbG/imgs_stit/right/MSNU713415145G1_10_10_2025_08_55_57_12253_42/aligned_c1/23_aligned.jpg  left=0px right=0px
Wrote: /home/atin-tts-1/Container-Stitching/downloads/gdrive_1sASbG/imgs_stit/right/MSNU713415145G1_10_10_2025_08_55_57_12253_42/aligned_c1/24_aligned.jpg  left=0px right=0px
Wrote: /home/atin-tts-1/Container-Stitching/downloads/gdrive_1sASbG/imgs_stit/right/MSNU713415145G1_10_10_2025_08_55_57_12253_42/aligned_c1/25_aligned.jpg  left=0px right=0px
Wrote: /home/atin-tts-1/Container-Stitching/downloads/gdrive_1sASbG/imgs_stit/right/MSNU713415145G1_10_10_2025_08_55_57_12253_42/aligned_c1/26_aligned.jpg  left=0px right=0px
Wrote: /home/atin-tts-1/Container-Stitching/downloads/gdrive_1sASbG/imgs_stit/right/MSNU713415145G1_10_10_2025_08_55_57_12253_42/aligned_c1/27_aligned.jpg  left=0px right=0px
Wrote: /home/atin-tts-1/Container-Stitching/downloads/gdrive_1sASbG/imgs_stit/right/MSNU713415145G1_10_10_2025_08_55_57_12253_42/aligned_c1/28_aligned.jpg  left=0px right=0px
Wrote: /home/atin-tts-1/Container-Stitching/downloads/gdrive_1sASbG/imgs_stit/right/MSNU713415145G1_10_10_2025_08_55_57_12253_42/aligned_c1/29_aligned.jpg  left=0px right=0px
Wrote: /home/atin-tts-1/Container-Stitching/downloads/gdrive_1sASbG/imgs_stit/right/MSNU713415145G1_10_10_2025_08_55_57_12253_42/aligned_c1/30_aligned.jpg  left=0px right=0px
Wrote: /home/atin-tts-1/Container-Stitching/downloads/gdrive_1sASbG/imgs_stit/right/MSNU713415145G1_10_10_2025_08_55_57_12253_42/aligned_c1/31_aligned.jpg  left=0px right=0px
Wrote: /home/atin-tts-1/Container-Stitching/downloads/gdrive_1sASbG/imgs_stit/right/MSNU713415145G1_10_10_2025_08_55_57_12253_42/aligned_c1/32_aligned.jpg  left=0px right=0px
Wrote: /home/atin-tts-1/Container-Stitching/downloads/gdrive_1sASbG/imgs_stit/right/MSNU713415145G1_10_10_2025_08_55_57_12253_42/aligned_c1/33_aligned.jpg  left=0px right=0px
Wrote: /home/atin-tts-1/Container-Stitching/downloads/gdrive_1sASbG/imgs_stit/right/MSNU713415145G1_10_10_2025_08_55_57_12253_42/aligned_c1/34_aligned.jpg  left=0px right=0px
Wrote: /home/atin-tts-1/Container-Stitching/downloads/gdrive_1sASbG/imgs_stit/right/MSNU713415145G1_10_10_2025_08_55_57_12253_42/aligned_c1/35_aligned.jpg  left=0px right=0px
Wrote: /home/atin-tts-1/Container-Stitching/downloads/gdrive_1sASbG/imgs_stit/right/MSNU713415145G1_10_10_2025_08_55_57_12253_42/aligned_c1/36_aligned.jpg  left=0px right=0px
Wrote: /home/atin-tts-1/Container-Stitching/downloads/gdrive_1sASbG/imgs_stit/right/MSNU713415145G1_10_10_2025_08_55_57_12253_42/aligned_c1/37_aligned.jpg  left=0px right=0px
Wrote: /home/atin-tts-1/Container-Stitching/downloads/gdrive_1sASbG/imgs_stit/right/MSNU713415145G1_10_10_2025_08_55_57_12253_42/aligned_c1/38_aligned.jpg  left=0px right=0px
Wrote: /home/atin-tts-1/Container-Stitching/downloads/gdrive_1sASbG/imgs_stit/right/MSNU713415145G1_10_10_2025_08_55_57_12253_42/aligned_c1/39_aligned.jpg  left=0px right=0px
Wrote: /home/atin-tts-1/Container-Stitching/downloads/gdrive_1sASbG/imgs_stit/right/MSNU713415145G1_10_10_2025_08_55_57_12253_42/aligned_c1/40_aligned.jpg  left=0px right=0px
Wrote: /home/atin-tts-1/Container-Stitching/downloads/gdrive_1sASbG/imgs_stit/right/MSNU713415145G1_10_10_2025_08_55_57_12253_42/aligned_c1/41_aligned.jpg  left=0px right=0px
Wrote: /home/atin-tts-1/Container-Stitching/downloads/gdrive_1sASbG/imgs_stit/right/MSNU713415145G1_10_10_2025_08_55_57_12253_42/aligned_c1/42_aligned.jpg  left=0px right=0px
Wrote: /home/atin-tts-1/Container-Stitching/downloads/gdrive_1sASbG/imgs_stit/right/MSNU713415145G1_10_10_2025_08_55_57_12253_42/aligned_c1/43_aligned.jpg  left=0px right=0px
Wrote: /home/atin-tts-1/Container-Stitching/downloads/gdrive_1sASbG/imgs_stit/right/MSNU713415145G1_10_10_2025_08_55_57_12253_42/aligned_c1/44_aligned.jpg  left=0px right=0px
Wrote: /home/atin-tts-1/Container-Stitching/downloads/gdrive_1sASbG/imgs_stit/right/MSNU713415145G1_10_10_2025_08_55_57_12253_42/aligned_c1/45_aligned.jpg  left=0px right=0px
Wrote: /home/atin-tts-1/Container-Stitching/downloads/gdrive_1sASbG/imgs_stit/right/MSNU713415145G1_10_10_2025_08_55_57_12253_42/aligned_c1/46_aligned.jpg  left=0px right=0px
Wrote: /home/atin-tts-1/Container-Stitching/downloads/gdrive_1sASbG/imgs_stit/right/MSNU713415145G1_10_10_2025_08_55_57_12253_42/aligned_c1/47_aligned.jpg  left=0px right=0px
Wrote: /home/atin-tts-1/Container-Stitching/downloads/gdrive_1sASbG/imgs_stit/right/MSNU713415145G1_10_10_2025_08_55_57_12253_42/aligned_c1/48_aligned.jpg  left=0px right=0px
Wrote: /home/atin-tts-1/Container-Stitching/downloads/gdrive_1sASbG/imgs_stit/right/MSNU713415145G1_10_10_2025_08_55_57_12253_42/aligned_c1/49_aligned.jpg  left=0px right=0px
Wrote: /home/atin-tts-1/Container-Stitching/downloads/gdrive_1sASbG/imgs_stit/right/MSNU713415145G1_10_10_2025_08_55_57_12253_42/aligned_c1/50_aligned.jpg  left=0px right=0px
Wrote: /home/atin-tts-1/Container-Stitching/downloads/gdrive_1sASbG/imgs_stit/right/MSNU713415145G1_10_10_2025_08_55_57_12253_42/aligned_c1/51_aligned.jpg  left=0px right=0px
Wrote: /home/atin-tts-1/Container-Stitching/downloads/gdrive_1sASbG/imgs_stit/right/MSNU713415145G1_10_10_2025_08_55_57_12253_42/aligned_c1/52_aligned.jpg  left=0px right=0px
Wrote: /home/atin-tts-1/Container-Stitching/downloads/gdrive_1sASbG/imgs_stit/right/MSNU713415145G1_10_10_2025_08_55_57_12253_42/aligned_c1/53_aligned.jpg  left=0px right=0px
Wrote: /home/atin-tts-1/Container-Stitching/downloads/gdrive_1sASbG/imgs_stit/right/MSNU713415145G1_10_10_2025_08_55_57_12253_42/aligned_c1/54_aligned.jpg  left=0px right=0px
Wrote: /home/atin-tts-1/Container-Stitching/downloads/gdrive_1sASbG/imgs_stit/right/MSNU713415145G1_10_10_2025_08_55_57_12253_42/aligned_c1/55_aligned.jpg  left=0px right=0px
Wrote: /home/atin-tts-1/Container-Stitching/downloads/gdrive_1sASbG/imgs_stit/right/MSNU713415145G1_10_10_2025_08_55_57_12253_42/aligned_c1/56_aligned.jpg  left=0px right=0px
Wrote: /home/atin-tts-1/Container-Stitching/downloads/gdrive_1sASbG/imgs_stit/right/MSNU713415145G1_10_10_2025_08_55_57_12253_42/aligned_c1/57_aligned.jpg  left=0px right=0px
Wrote: /home/atin-tts-1/Container-Stitching/downloads/gdrive_1sASbG/imgs_stit/right/MSNU713415145G1_10_10_2025_08_55_57_12253_42/aligned_c1/58_aligned.jpg  left=0px right=0px
Wrote: /home/atin-tts-1/Container-Stitching/downloads/gdrive_1sASbG/imgs_stit/right/MSNU713415145G1_10_10_2025_08_55_57_12253_42/aligned_c1/59_aligned.jpg  left=0px right=0px
Wrote: /home/atin-tts-1/Container-Stitching/downloads/gdrive_1sASbG/imgs_stit/right/MSNU713415145G1_10_10_2025_08_55_57_12253_42/aligned_c1/60_aligned.jpg  left=0px right=0px
Wrote: /home/atin-tts-1/Container-Stitching/downloads/gdrive_1sASbG/imgs_stit/right/MSNU713415145G1_10_10_2025_08_55_57_12253_42/aligned_c1/61_aligned.jpg  left=0px right=0px
Wrote: /home/atin-tts-1/Container-Stitching/downloads/gdrive_1sASbG/imgs_stit/right/MSNU713415145G1_10_10_2025_08_55_57_12253_42/aligned_c1/62_aligned.jpg  left=0px right=0px
Wrote: /home/atin-tts-1/Container-Stitching/downloads/gdrive_1sASbG/imgs_stit/right/MSNU713415145G1_10_10_2025_08_55_57_12253_42/aligned_c1/63_aligned.jpg  left=0px right=0px
Wrote: /home/atin-tts-1/Container-Stitching/downloads/gdrive_1sASbG/imgs_stit/right/MSNU713415145G1_10_10_2025_08_55_57_12253_42/aligned_c1/64_aligned.jpg  left=44px right=0px
Wrote: /home/atin-tts-1/Container-Stitching/downloads/gdrive_1sASbG/imgs_stit/right/MSNU713415145G1_10_10_2025_08_55_57_12253_42/aligned_c1/65_aligned.jpg  left=74px right=0px
Wrote: /home/atin-tts-1/Container-Stitching/downloads/gdrive_1sASbG/imgs_stit/right/MSNU713415145G1_10_10_2025_08_55_57_12253_42/aligned_c1/66_aligned.jpg  left=131px right=0px
Wrote: /home/atin-tts-1/Container-Stitching/downloads/gdrive_1sASbG/imgs_stit/right/MSNU713415145G1_10_10_2025_08_55_57_12253_42/aligned_c1/67_aligned.jpg  left=160px right=0px
Wrote: /home/atin-tts-1/Container-Stitching/downloads/gdrive_1sASbG/imgs_stit/right/MSNU713415145G1_10_10_2025_08_55_57_12253_42/aligned_c1/68_aligned.jpg  left=216px right=0px
Wrote: /home/atin-tts-1/Container-Stitching/downloads/gdrive_1sASbG/imgs_stit/right/MSNU713415145G1_10_10_2025_08_55_57_12253_42/aligned_c1/69_aligned.jpg  left=245px right=0px
Wrote: /home/atin-tts-1/Container-Stitching/downloads/gdrive_1sASbG/imgs_stit/right/MSNU713415145G1_10_10_2025_08_55_57_12253_42/aligned_c1/70_aligned.jpg  left=300px right=0px
Wrote: /home/atin-tts-1/Container-Stitching/downloads/gdrive_1sASbG/imgs_stit/right/MSNU713415145G1_10_10_2025_08_55_57_12253_42/aligned_c1/71_aligned.jpg  left=327px right=0px
Wrote: /home/atin-tts-1/Container-Stitching/downloads/gdrive_1sASbG/imgs_stit/right/MSNU713415145G1_10_10_2025_08_55_57_12253_42/aligned_c1/72_aligned.jpg  left=381px right=0px
Wrote: /home/atin-tts-1/Container-Stitching/downloads/gdrive_1sASbG/imgs_stit/right/MSNU713415145G1_10_10_2025_08_55_57_12253_42/aligned_c1/73_aligned.jpg  left=407px right=0px
Done.
Segment 2 skipped: single-container mode.
Rectified 0: 0_aligned.jpg -> 0_aligned.jpg (960x1050, margin=20, left_pad=0, right_pad=351)
Rectified 1: 1_aligned.jpg -> 1_aligned.jpg (960x1050, margin=20, left_pad=0, right_pad=305)
Rectified 2: 2_aligned.jpg -> 2_aligned.jpg (960x1050, margin=20, left_pad=0, right_pad=215)
Rectified 3: 3_aligned.jpg -> 3_aligned.jpg (960x1050, margin=20, left_pad=0, right_pad=171)
Rectified 4: 4_aligned.jpg -> 4_aligned.jpg (960x1050, margin=20, left_pad=0, right_pad=80)
Rectified 5: 5_aligned.jpg -> 5_aligned.jpg (960x1050, margin=20, left_pad=0, right_pad=34)
Rectified 6: 6_aligned.jpg -> 6_aligned.jpg (960x1050, margin=20, left_pad=0, right_pad=0)
Rectified 7: 7_aligned.jpg -> 7_aligned.jpg (960x1050, margin=20, left_pad=0, right_pad=0)
Rectified 8: 8_aligned.jpg -> 8_aligned.jpg (960x1050, margin=20, left_pad=0, right_pad=0)
Rectified 9: 9_aligned.jpg -> 9_aligned.jpg (960x1050, margin=20, left_pad=0, right_pad=0)
Rectified 10: 10_aligned.jpg -> 10_aligned.jpg (960x1050, margin=20, left_pad=0, right_pad=0)
Rectified 11: 11_aligned.jpg -> 11_aligned.jpg (960x1050, margin=20, left_pad=0, right_pad=0)
Rectified 12: 12_aligned.jpg -> 12_aligned.jpg (960x1050, margin=20, left_pad=0, right_pad=0)
Rectified 13: 13_aligned.jpg -> 13_aligned.jpg (960x1050, margin=20, left_pad=0, right_pad=0)
Rectified 14: 14_aligned.jpg -> 14_aligned.jpg (960x1050, margin=20, left_pad=0, right_pad=0)
Rectified 15: 15_aligned.jpg -> 15_aligned.jpg (960x1050, margin=20, left_pad=0, right_pad=0)
Rectified 16: 16_aligned.jpg -> 16_aligned.jpg (960x1050, margin=20, left_pad=0, right_pad=0)
Rectified 17: 17_aligned.jpg -> 17_aligned.jpg (960x1050, margin=20, left_pad=0, right_pad=0)
Rectified 18: 18_aligned.jpg -> 18_aligned.jpg (960x1050, margin=20, left_pad=0, right_pad=0)
Rectified 19: 19_aligned.jpg -> 19_aligned.jpg (960x1050, margin=20, left_pad=0, right_pad=0)
Rectified 20: 20_aligned.jpg -> 20_aligned.jpg (960x1050, margin=20, left_pad=0, right_pad=0)
Rectified 21: 21_aligned.jpg -> 21_aligned.jpg (960x1050, margin=20, left_pad=0, right_pad=0)
Rectified 22: 22_aligned.jpg -> 22_aligned.jpg (960x1050, margin=20, left_pad=0, right_pad=0)
Rectified 23: 23_aligned.jpg -> 23_aligned.jpg (960x1050, margin=20, left_pad=0, right_pad=0)
Rectified 24: 24_aligned.jpg -> 24_aligned.jpg (960x1050, margin=20, left_pad=0, right_pad=0)
Rectified 25: 25_aligned.jpg -> 25_aligned.jpg (960x1050, margin=20, left_pad=0, right_pad=0)
Rectified 26: 26_aligned.jpg -> 26_aligned.jpg (960x1050, margin=20, left_pad=0, right_pad=0)
Rectified 27: 27_aligned.jpg -> 27_aligned.jpg (960x1050, margin=20, left_pad=0, right_pad=0)
Rectified 28: 28_aligned.jpg -> 28_aligned.jpg (960x1050, margin=20, left_pad=0, right_pad=0)
Rectified 29: 29_aligned.jpg -> 29_aligned.jpg (960x1050, margin=20, left_pad=0, right_pad=0)
Rectified 30: 30_aligned.jpg -> 30_aligned.jpg (960x1050, margin=20, left_pad=0, right_pad=0)
Rectified 31: 31_aligned.jpg -> 31_aligned.jpg (960x1050, margin=20, left_pad=0, right_pad=0)
Rectified 32: 32_aligned.jpg -> 32_aligned.jpg (960x1050, margin=20, left_pad=0, right_pad=0)
Rectified 33: 33_aligned.jpg -> 33_aligned.jpg (960x1050, margin=20, left_pad=0, right_pad=0)
Rectified 34: 34_aligned.jpg -> 34_aligned.jpg (960x1050, margin=20, left_pad=0, right_pad=0)
Rectified 35: 35_aligned.jpg -> 35_aligned.jpg (960x1050, margin=20, left_pad=0, right_pad=0)
Rectified 36: 36_aligned.jpg -> 36_aligned.jpg (960x1050, margin=20, left_pad=0, right_pad=0)
Rectified 37: 37_aligned.jpg -> 37_aligned.jpg (960x1050, margin=20, left_pad=0, right_pad=0)
Rectified 38: 38_aligned.jpg -> 38_aligned.jpg (960x1050, margin=20, left_pad=0, right_pad=0)
Rectified 39: 39_aligned.jpg -> 39_aligned.jpg (960x1050, margin=20, left_pad=0, right_pad=0)
Rectified 40: 40_aligned.jpg -> 40_aligned.jpg (960x1050, margin=20, left_pad=0, right_pad=0)
Rectified 41: 41_aligned.jpg -> 41_aligned.jpg (960x1050, margin=20, left_pad=0, right_pad=0)
Rectified 42: 42_aligned.jpg -> 42_aligned.jpg (960x1050, margin=20, left_pad=0, right_pad=0)
Rectified 43: 43_aligned.jpg -> 43_aligned.jpg (960x1050, margin=20, left_pad=0, right_pad=0)
Rectified 44: 44_aligned.jpg -> 44_aligned.jpg (960x1050, margin=20, left_pad=0, right_pad=0)
Rectified 45: 45_aligned.jpg -> 45_aligned.jpg (960x1050, margin=20, left_pad=0, right_pad=0)
Rectified 46: 46_aligned.jpg -> 46_aligned.jpg (960x1050, margin=20, left_pad=0, right_pad=0)
Rectified 47: 47_aligned.jpg -> 47_aligned.jpg (960x1050, margin=20, left_pad=0, right_pad=0)
Rectified 48: 48_aligned.jpg -> 48_aligned.jpg (960x1050, margin=20, left_pad=0, right_pad=0)
Rectified 49: 49_aligned.jpg -> 49_aligned.jpg (960x1050, margin=20, left_pad=0, right_pad=0)
Rectified 50: 50_aligned.jpg -> 50_aligned.jpg (960x1050, margin=20, left_pad=0, right_pad=0)
Rectified 51: 51_aligned.jpg -> 51_aligned.jpg (960x1050, margin=20, left_pad=0, right_pad=0)
Rectified 52: 52_aligned.jpg -> 52_aligned.jpg (960x1050, margin=20, left_pad=0, right_pad=0)
Rectified 53: 53_aligned.jpg -> 53_aligned.jpg (960x1050, margin=20, left_pad=0, right_pad=0)
Rectified 54: 54_aligned.jpg -> 54_aligned.jpg (960x1050, margin=20, left_pad=0, right_pad=0)
Rectified 55: 55_aligned.jpg -> 55_aligned.jpg (960x1050, margin=20, left_pad=0, right_pad=0)
Rectified 56: 56_aligned.jpg -> 56_aligned.jpg (960x1050, margin=20, left_pad=0, right_pad=0)
Rectified 57: 57_aligned.jpg -> 57_aligned.jpg (960x1050, margin=20, left_pad=0, right_pad=0)
Rectified 58: 58_aligned.jpg -> 58_aligned.jpg (960x1050, margin=20, left_pad=0, right_pad=0)
Rectified 59: 59_aligned.jpg -> 59_aligned.jpg (960x1050, margin=20, left_pad=0, right_pad=0)
Rectified 60: 60_aligned.jpg -> 60_aligned.jpg (960x1050, margin=20, left_pad=0, right_pad=0)
Rectified 61: 61_aligned.jpg -> 61_aligned.jpg (960x1050, margin=20, left_pad=0, right_pad=0)
Rectified 62: 62_aligned.jpg -> 62_aligned.jpg (960x1050, margin=20, left_pad=0, right_pad=0)
Rectified 63: 63_aligned.jpg -> 63_aligned.jpg (960x1050, margin=20, left_pad=0, right_pad=0)
Rectified 64: 64_aligned.jpg -> 64_aligned.jpg (960x1050, margin=20, left_pad=44, right_pad=0)
Rectified 65: 65_aligned.jpg -> 65_aligned.jpg (960x1050, margin=20, left_pad=74, right_pad=0)
Rectified 66: 66_aligned.jpg -> 66_aligned.jpg (960x1050, margin=20, left_pad=131, right_pad=0)
Rectified 67: 67_aligned.jpg -> 67_aligned.jpg (960x1050, margin=20, left_pad=160, right_pad=0)
Rectified 68: 68_aligned.jpg -> 68_aligned.jpg (960x1050, margin=20, left_pad=216, right_pad=0)
Rectified 69: 69_aligned.jpg -> 69_aligned.jpg (960x1050, margin=20, left_pad=245, right_pad=0)
Rectified 70: 70_aligned.jpg -> 70_aligned.jpg (960x1050, margin=20, left_pad=300, right_pad=0)
Rectified 71: 71_aligned.jpg -> 71_aligned.jpg (960x1050, margin=20, left_pad=327, right_pad=0)
Rectified 72: 72_aligned.jpg -> 72_aligned.jpg (960x1050, margin=20, left_pad=381, right_pad=0)
Rectified 73: 73_aligned.jpg -> 73_aligned.jpg (960x1050, margin=20, left_pad=407, right_pad=0)
Done.
Segment 2 skipped: single-container mode.
Processing 2_aligned.jpg -> mosaic
  -> Stitched; canvas 1092x1050
Processing 4_aligned.jpg -> mosaic
  -> Stitched; canvas 1224x1050
Processing 6_aligned.jpg -> mosaic
  -> Stitched; canvas 1349x1050
Processing 8_aligned.jpg -> mosaic
  -> Stitched; canvas 1476x1050
Processing 10_aligned.jpg -> mosaic
  -> Stitched; canvas 1599x1050
Processing 12_aligned.jpg -> mosaic
  -> Stitched; canvas 1724x1050
Processing 14_aligned.jpg -> mosaic
  -> Stitched; canvas 1851x1050
Processing 16_aligned.jpg -> mosaic
  -> Stitched; canvas 1976x1050
Processing 18_aligned.jpg -> mosaic
  -> Stitched; canvas 1976x1050
Processing 20_aligned.jpg -> mosaic
  -> Stitched; canvas 2040x1050
Processing 22_aligned.jpg -> mosaic
  -> Stitched; canvas 2164x1050
Processing 24_aligned.jpg -> mosaic
  -> Stitched; canvas 2290x1050
Processing 26_aligned.jpg -> mosaic
  -> Stitched; canvas 2414x1050
Processing 28_aligned.jpg -> mosaic
  -> Stitched; canvas 2536x1050
Processing 30_aligned.jpg -> mosaic
  -> Stitched; canvas 2653x1050
Processing 32_aligned.jpg -> mosaic
  -> Stitched; canvas 2771x1050
Processing 34_aligned.jpg -> mosaic
  -> Stitched; canvas 2884x1050
Processing 36_aligned.jpg -> mosaic
  -> Stitched; canvas 2997x1050
Processing 38_aligned.jpg -> mosaic
  -> Stitched; canvas 3107x1050
Processing 40_aligned.jpg -> mosaic
  -> Stitched; canvas 3213x1050
Processing 42_aligned.jpg -> mosaic
  -> Stitched; canvas 3318x1050
Processing 44_aligned.jpg -> mosaic
  -> Stitched; canvas 3420x1050
Processing 46_aligned.jpg -> mosaic
  -> Stitched; canvas 3521x1050
Processing 48_aligned.jpg -> mosaic
  -> Stitched; canvas 3619x1050
Processing 50_aligned.jpg -> mosaic
  -> Stitched; canvas 3707x1050
Processing 52_aligned.jpg -> mosaic
  -> Stitched; canvas 3707x1050
Processing 54_aligned.jpg -> mosaic
  -> Stitched; canvas 3708x1050
Processing 56_aligned.jpg -> mosaic
  -> Stitched; canvas 3708x1050
Processing 58_aligned.jpg -> mosaic
  -> Stitched; canvas 3708x1050
Processing 60_aligned.jpg -> mosaic
  -> Stitched; canvas 3708x1050
Processing 62_aligned.jpg -> mosaic
  -> Stitched; canvas 3708x1050
Processing 64_aligned.jpg -> mosaic
  -> Stitched; canvas 3708x1050
Processing 66_aligned.jpg -> mosaic
  -> Stitched; canvas 3708x1050
Processing 68_aligned.jpg -> mosaic
  -> Stitched; canvas 3708x1050
Processing 70_aligned.jpg -> mosaic
  -> Stitched; canvas 3708x1050
Processing 72_aligned.jpg -> mosaic
  -> Stitched; canvas 3708x1050
Processing 73_aligned.jpg -> mosaic
  -> Stitched; canvas 3708x1050
Saved -> /home/atin-tts-1/Container-Stitching/downloads/gdrive_1sASbG/imgs_stit/right/MSNU713415145G1_10_10_2025_08_55_57_12253_42/panorama_c1/panorama_0_73_bbox.jpg

============================================================
STEP: 1. Corner detection & split
============================================================
Command: /home/atin-tts-1/miniconda3/bin/python3 /home/atin-tts-1/Container-Stitching/test_sides_split.py --model last11scor_3class_31_07.pt --dir /home/atin-tts-1/Container-Stitching/downloads/gdrive_1sASbG/imgs_stit/right/MSNU713415145G1_10_10_2025_08_55_57_12253_42 --suffix .jpg --conf 0.05 --iou 0.6 --out1 /home/atin-tts-1/Container-Stitching/downloads/gdrive_1sASbG/imgs_stit/right/MSNU713415145G1_10_10_2025_08_55_57_12253_42/split_c1 --out2 /home/atin-tts-1/Container-Stitching/downloads/gdrive_1sASbG/imgs_stit/right/MSNU713415145G1_10_10_2025_08_55_57_12253_42/split_c2
 1. Corner detection & split completed successfully

[DIRECTION] Detected LEFTRIGHT: Will stitch in normal order (img_0img_73)

Detected indices:
  C1: 0-73 (74 frames)
  C2: No frames detected (single container)

============================================================
STEP: 2. Trim black borders
============================================================
Command: /home/atin-tts-1/miniconda3/bin/python3 /home/atin-tts-1/Container-Stitching/trim_black_update_corners_split.py --img-dir /home/atin-tts-1/Container-Stitching/downloads/gdrive_1sASbG/imgs_stit/right/MSNU713415145G1_10_10_2025_08_55_57_12253_42 --suffix .jpg --corners1-dir /home/atin-tts-1/Container-Stitching/downloads/gdrive_1sASbG/imgs_stit/right/MSNU713415145G1_10_10_2025_08_55_57_12253_42/split_c1 --out1 /home/atin-tts-1/Container-Stitching/downloads/gdrive_1sASbG/imgs_stit/right/MSNU713415145G1_10_10_2025_08_55_57_12253_42/trimmed_c1 --corners1-out /home/atin-tts-1/Container-Stitching/downloads/gdrive_1sASbG/imgs_stit/right/MSNU713415145G1_10_10_2025_08_55_57_12253_42/trimmed_corners_c1
 2. Trim black borders completed successfully

============================================================
STEP: 3. Align frames
============================================================
Command: /home/atin-tts-1/miniconda3/bin/python3 /home/atin-tts-1/Container-Stitching/warp_align_sides_split.py --dir1 /home/atin-tts-1/Container-Stitching/downloads/gdrive_1sASbG/imgs_stit/right/MSNU713415145G1_10_10_2025_08_55_57_12253_42/trimmed_c1 --indices1 0-73 --img-suffix1 _trim.jpg --corners-dir1 /home/atin-tts-1/Container-Stitching/downloads/gdrive_1sASbG/imgs_stit/right/MSNU713415145G1_10_10_2025_08_55_57_12253_42/trimmed_corners_c1 --out1 /home/atin-tts-1/Container-Stitching/downloads/gdrive_1sASbG/imgs_stit/right/MSNU713415145G1_10_10_2025_08_55_57_12253_42/aligned_c1 --top 20 --bottom 20
 3. Align frames completed successfully

============================================================
STEP: 4. Rectify to rectangles
============================================================
Command: /home/atin-tts-1/miniconda3/bin/python3 /home/atin-tts-1/Container-Stitching/rectify_to_rectangle_sides_split.py --dir1 /home/atin-tts-1/Container-Stitching/downloads/gdrive_1sASbG/imgs_stit/right/MSNU713415145G1_10_10_2025_08_55_57_12253_42/aligned_c1 --indices1 0-73 --out1 /home/atin-tts-1/Container-Stitching/downloads/gdrive_1sASbG/imgs_stit/right/MSNU713415145G1_10_10_2025_08_55_57_12253_42/rectified_c1 --vertical-margin 20
 4. Rectify to rectangles completed successfully

Rectified frames for stitching:
  C1: 74 frames - indices: 0,1,2,3,4,5,6,7,8,9,10,11,12,13,14,15,16,17,18,19,20,21,22,23,24,25,26,27,28,29,30,31,32,33,34,35,36,37,38,39,40,41,42,43,44,45,46,47,48,49,50,51,52,53,54,55,56,57,58,59,60,61,62,63,64,65,66,67,68,69,70,71,72,73

============================================================
STEP: 5. Stitch panoramas
============================================================
Command: /home/atin-tts-1/miniconda3/bin/python3 /home/atin-tts-1/Container-Stitching/test3_sides.py --aligned-dir /home/atin-tts-1/Container-Stitching/downloads/gdrive_1sASbG/imgs_stit/right/MSNU713415145G1_10_10_2025_08_55_57_12253_42/rectified_c1 --indices 0,1,2,3,4,5,6,7,8,9,10,11,12,13,14,15,16,17,18,19,20,21,22,23,24,25,26,27,28,29,30,31,32,33,34,35,36,37,38,39,40,41,42,43,44,45,46,47,48,49,50,51,52,53,54,55,56,57,58,59,60,61,62,63,64,65,66,67,68,69,70,71,72,73 --corners-dir /home/atin-tts-1/Container-Stitching/downloads/gdrive_1sASbG/imgs_stit/right/MSNU713415145G1_10_10_2025_08_55_57_12253_42/rectified_c1 --out /home/atin-tts-1/Container-Stitching/downloads/gdrive_1sASbG/imgs_stit/right/MSNU713415145G1_10_10_2025_08_55_57_12253_42/panorama_c1 --transform translation --blend feather --stride 2 --seam-width 5 --detector sift --lock-dy
 5. Stitch panoramas completed successfully

============================================================
PIPELINE COMPLETED SUCCESSFULLY!
============================================================

Output locations:
  Panorama C1: /home/atin-tts-1/Container-Stitching/downloads/gdrive_1sASbG/imgs_stit/right/MSNU713415145G1_10_10_2025_08_55_57_12253_42/panorama_c1/panorama_*_bbox.jpg
  Panorama C2: (skipped - single container)

All intermediate outputs in: /home/atin-tts-1/Container-Stitching/downloads/gdrive_1sASbG/imgs_stit/right/MSNU713415145G1_10_10_2025_08_55_57_12253_42/
